<?xml version="1.0" encoding="UTF-8"?>
<!-- Generated by org.testng.reporters.JUnitReportReporter -->
<testsuite hostname="DESKTOP-J2AH7RF" failures="0" tests="1" name="frameworklrn.TestComponents.BaseTest" time="1.796" errors="0" timestamp="2024-12-11T12:10:50 IST" skipped="0">
  <testcase classname="frameworklrn.TestComponents.BaseTest" name="testScroll" time="1.796"/>
</testsuite> <!-- frameworklrn.TestComponents.BaseTest -->
