<?xml version="1.0" encoding="UTF-8"?>
<!-- Generated by org.testng.reporters.JUnitReportReporter -->
<testsuite hostname="DESKTOP-J2AH7RF" failures="0" tests="1" name="cucumber.TestNGTestRunner" time="23.154" errors="0" timestamp="2025-01-08T17:10:39 IST" skipped="0">
  <testcase classname="cucumber.TestNGTestRunner" name="runScenario" time="23.154"/>
</testsuite> <!-- cucumber.TestNGTestRunner -->
